<?xml version="1.0" encoding="UTF-8"?>
<!-- Generated by org.testng.reporters.JUnitReportReporter -->
<testsuite hostname="EstyPC22" failures="0" tests="2" name="com.testNg.testNgAnnotations" time="0.049" errors="0" timestamp="2022-04-04T12:21:06 CDT" skipped="0">
  <testcase classname="com.testNg.testNgAnnotations" name="ValidatePageLoadSuccessfully" time="0.048"/>
  <system-out/>
  <testcase classname="com.testNg.testNgAnnotations" name="TestCase2" time="0.001"/>
  <system-out/>
</testsuite> <!-- com.testNg.testNgAnnotations -->
